<?xml version="1.0" encoding="UTF-8" ?>
<testsuite tests="18" failures="0" name="unitTests.CrudModelTest" time="1.526" errors="0" skipped="0">
  <properties>
[...]
</properties>
  <testcase classname="unitTests.CrudModelTest" name="a_crudModelShouldBuiltAValidInsertStatement" time="0.545"/>
  <testcase classname="unitTests.CrudModelTest" name="b_crudModelShouldGrabAllFieldsInSelect" time="0.112"/>
  <testcase classname="unitTests.CrudModelTest" name="c_crudModelShouldBuiltAValidUpdateStatement" time="0.043"/>
  <testcase classname="unitTests.CrudModelTest" name="d_crudModelShouldThrowAnExceptionIfSetIsCalledTwice" time="0.019"/>
  <testcase classname="unitTests.CrudModelTest" name="e_crudModelShouldThrowAnExceptionIfSetIsntCalledOnChange" time="0.017"/>
  <testcase classname="unitTests.CrudModelTest" name="f_crudModelShouldThrowAnExceptionIfChangeHasNoArgs" time="0.013"/>
  <testcase classname="unitTests.CrudModelTest" name="g_callingAddMultipleTimesShouldResetThePreparedStatement" time="0.009"/>
  <testcase classname="unitTests.CrudModelTest" name="h_crudModelShouldThrowExceptionIfAddValuesIsntCalledAfterAdd" time="0.016"/>
  <testcase classname="unitTests.CrudModelTest" name="i_crudModelShouldBuiltAValidWhereClause" time="0.019"/>
  <testcase classname="unitTests.CrudModelTest" name="j_crudModelShouldThrowAnExceptionIfWhereIsCalledSequentially" time="0.013"/>
  <testcase classname="unitTests.CrudModelTest" name="k_crudModelShouldThrowAnExceptionIfWhereIsCalledOnInsert" time="0.013"/>
  <testcase classname="unitTests.CrudModelTest" name="l_crudModelShouldBuiltAValidDeleteStatement" time="0.02"/>
  <testcase classname="unitTests.CrudModelTest" name="m_crudModelShouldntPermanantlyChangeDatabaseBeforeCommitIsCalled" time="0.036"/>
  <testcase classname="unitTests.CrudModelTest" name="n_crudModelShouldPermanantlyChangeDatabaseAfterCommitIsCalled" time="0.106"/>
  <testcase classname="unitTests.CrudModelTest" name="o_crudModelShouldPersistNonAutoCommitStateAfterFirstCommit" time="0.141"/>
  <testcase classname="unitTests.CrudModelTest" name="p_crudModelShouldAutoCommitAfterTurnOnAutoCommitIsCalled" time="0.147"/>
  <testcase classname="unitTests.CrudModelTest" name="q_crudModelShouldUndoTransactionsAfterRollback" time="0.236"/>
  <testcase classname="unitTests.CrudModelTest" name="r_crudMethodShouldThrowAnExceptionIfAddIsGivenEmptyValue" time="0.021"/>
</testsuite>